Logfile initialized
[INFO] logfile = /Users/tpoulsen/Documents/Titanium Studio Workspace/Lab285/build.log
[DEBUG] /Library/Application Support/Titanium/mobilesdk/osx/1.7.2/android/builder.py simulator Lab285 /android-sdk /Users/tpoulsen/Documents/Titanium Studio Workspace/Lab285 com.appc.lab285 9 WVGA854 
[INFO] Building Lab285 for Android ... one moment
[INFO] Titanium SDK version: 1.7.2 (07/21/11 09:36 97c3689)
[DEBUG] Waiting for device to be ready ...
[TRACE] adb devices returned 1 devices/emulators
[TRACE] adb devices returned 1 devices/emulators
[TRACE] adb devices returned 1 devices/emulators
[TRACE] adb devices returned 1 devices/emulators
[DEBUG] Device connected... (waited 15 seconds)
[DEBUG] waited 15.035824 seconds on emulator to get ready
[INFO] Waiting for the Android Emulator to become available
[ERROR] Timed out waiting for android.process.acore
[DEBUG] com.appc.lab285 installed? False
[INFO] Fastdev server running, deploying in Fastdev mode
[INFO] Copying project resources..
[INFO] Detected tiapp.xml change, forcing full re-build...
[TRACE] COPYING CREATED FILE: /Users/tpoulsen/Documents/Titanium Studio Workspace/Lab285/Resources/about.html => /Users/tpoulsen/Documents/Titanium Studio Workspace/Lab285/build/android/bin/assets/Resources/about.html
[TRACE] COPYING CREATED FILE: /Users/tpoulsen/Documents/Titanium Studio Workspace/Lab285/Resources/android/appicon.png => /Users/tpoulsen/Documents/Titanium Studio Workspace/Lab285/build/android/bin/assets/Resources/appicon.png
[TRACE] COPYING CREATED FILE: /Users/tpoulsen/Documents/Titanium Studio Workspace/Lab285/Resources/android/default.png => /Users/tpoulsen/Documents/Titanium Studio Workspace/Lab285/build/android/bin/assets/Resources/default.png
[TRACE] COPYING CREATED FILE: /Users/tpoulsen/Documents/Titanium Studio Workspace/Lab285/Resources/app save.js => /Users/tpoulsen/Documents/Titanium Studio Workspace/Lab285/build/android/bin/assets/Resources/app save.js
[TRACE] COPYING CREATED FILE: /Users/tpoulsen/Documents/Titanium Studio Workspace/Lab285/Resources/app.js => /Users/tpoulsen/Documents/Titanium Studio Workspace/Lab285/build/android/bin/assets/Resources/app.js
[TRACE] COPYING CREATED FILE: /Users/tpoulsen/Documents/Titanium Studio Workspace/Lab285/Resources/jquery.min.js => /Users/tpoulsen/Documents/Titanium Studio Workspace/Lab285/build/android/bin/assets/Resources/jquery.min.js
[TRACE] COPYING CREATED FILE: /Users/tpoulsen/Documents/Titanium Studio Workspace/Lab285/Resources/KS_nav_ui.png => /Users/tpoulsen/Documents/Titanium Studio Workspace/Lab285/build/android/bin/assets/Resources/KS_nav_ui.png
[TRACE] COPYING CREATED FILE: /Users/tpoulsen/Documents/Titanium Studio Workspace/Lab285/Resources/KS_nav_views.png => /Users/tpoulsen/Documents/Titanium Studio Workspace/Lab285/build/android/bin/assets/Resources/KS_nav_views.png
[TRACE] COPYING CREATED FILE: /Users/tpoulsen/Documents/Titanium Studio Workspace/Lab285/Resources/network.js => /Users/tpoulsen/Documents/Titanium Studio Workspace/Lab285/build/android/bin/assets/Resources/network.js
[TRACE] COPYING CREATED FILE: /Users/tpoulsen/Documents/Titanium Studio Workspace/Lab285/Resources/showweb.js => /Users/tpoulsen/Documents/Titanium Studio Workspace/Lab285/build/android/bin/assets/Resources/showweb.js
[TRACE] COPYING CREATED FILE: /Users/tpoulsen/Documents/Titanium Studio Workspace/Lab285/Resources/ui.js => /Users/tpoulsen/Documents/Titanium Studio Workspace/Lab285/build/android/bin/assets/Resources/ui.js
[TRACE] Generating Java Classes
[DEBUG] Processing Android resource drawables
[DEBUG] app stylesheet => /Users/tpoulsen/Documents/Titanium Studio Workspace/Lab285/build/android/gen/com/appc/lab285/ApplicationStylesheet.java
[DEBUG] copying app icon: /Users/tpoulsen/Documents/Titanium Studio Workspace/Lab285/build/android/bin/assets/Resources/appicon.png
[DEBUG] generating theme.xml
[DEBUG] found splash screen at /Users/tpoulsen/Documents/Titanium Studio Workspace/Lab285/build/android/bin/assets/Resources/default.png
[TRACE] Writing out AndroidManifest.xml
[DEBUG] adding /Users/tpoulsen/Documents/Titanium Studio Workspace/Lab285/build/android/gen/com/appc/lab285/ApplicationStylesheet.java to javac build list
[DEBUG] adding /Users/tpoulsen/Documents/Titanium Studio Workspace/Lab285/build/android/gen/com/appc/lab285/Lab285Activity.java to javac build list
[DEBUG] adding /Users/tpoulsen/Documents/Titanium Studio Workspace/Lab285/build/android/gen/com/appc/lab285/Lab285AppInfo.java to javac build list
[DEBUG] adding /Users/tpoulsen/Documents/Titanium Studio Workspace/Lab285/build/android/gen/com/appc/lab285/Lab285Application.java to javac build list
[DEBUG] adding /Users/tpoulsen/Documents/Titanium Studio Workspace/Lab285/build/android/gen/com/appc/lab285/R.java to javac build list
[DEBUG] Building Java Sources: "/Users/tpoulsen/Documents/Titanium Studio Workspace/Lab285/build/android/gen/com/appc/lab285/ApplicationStylesheet.java" "/Users/tpoulsen/Documents/Titanium Studio Workspace/Lab285/build/android/gen/com/appc/lab285/Lab285Activity.java" "/Users/tpoulsen/Documents/Titanium Studio Workspace/Lab285/build/android/gen/com/appc/lab285/Lab285AppInfo.java" "/Users/tpoulsen/Documents/Titanium Studio Workspace/Lab285/build/android/gen/com/appc/lab285/Lab285Application.java" "/Users/tpoulsen/Documents/Titanium Studio Workspace/Lab285/build/android/gen/com/appc/lab285/R.java"
[INFO] Waiting for SDCard to become available..
[INFO] Compiling Android Resources... This could take some time
[DEBUG] Android classes.dex built
[DEBUG] creating unsigned apk: /Users/tpoulsen/Documents/Titanium Studio Workspace/Lab285/build/android/bin/app-unsigned.apk
[DEBUG] from resource zip => assets/Resources/KS_nav_ui.png
[DEBUG] from resource zip => assets/Resources/KS_nav_views.png
[DEBUG] from resource zip => assets/Resources/about.html
[DEBUG] from resource zip => assets/Resources/app save.js
[DEBUG] from resource zip => assets/Resources/app.js
[DEBUG] from resource zip => assets/Resources/appicon.png
[DEBUG] from resource zip => assets/Resources/default.png
[DEBUG] from resource zip => assets/Resources/jquery.min.js
[DEBUG] from resource zip => assets/Resources/network.js
[DEBUG] from resource zip => assets/Resources/showweb.js
[DEBUG] from resource zip => assets/Resources/ui.js
[DEBUG] from resource zip => assets/tiapp.xml
[DEBUG] from resource zip => res/drawable/appicon.png
[DEBUG] from resource zip => res/drawable/background.png
[DEBUG] from resource zip => res/drawable/facebook_icon.png
[DEBUG] from resource zip => res/drawable/facebook_login.png
[DEBUG] from resource zip => res/drawable/facebook_login_down.png
[DEBUG] from resource zip => res/drawable/facebook_login_wide.png
[DEBUG] from resource zip => res/drawable/facebook_login_wide_down.png
[DEBUG] from resource zip => res/drawable/facebook_logout.png
[DEBUG] from resource zip => res/drawable/facebook_logout_down.png
[DEBUG] from resource zip => res/layout/titanium_tabgroup.xml
[DEBUG] from resource zip => AndroidManifest.xml
[DEBUG] from resource zip => resources.arsc
[DEBUG] from resource zip => res/drawable-hdpi/facebook_icon.png
[DEBUG] from resource zip => res/drawable-ldpi/facebook_icon.png
[DEBUG] from JAR /Library/Application Support/Titanium/mobilesdk/osx/1.7.2/android/modules/titanium-yahoo.jar => ti/modules/titanium/yahoo/yahoo.js
[DEBUG] from JAR /Library/Application Support/Titanium/mobilesdk/osx/1.7.2/android/smalljs.jar => org/mozilla/javascript/resources/Messages.properties
[DEBUG] from JAR /Library/Application Support/Titanium/mobilesdk/osx/1.7.2/android/smalljs.jar => org/mozilla/javascript/resources/Messages_fr.properties
[DEBUG] from JAR /Library/Application Support/Titanium/mobilesdk/osx/1.7.2/android/modules/titanium-facebook.jar => ti/modules/titanium/facebook/LICENSE
[DEBUG] from JAR /Library/Application Support/Titanium/mobilesdk/osx/1.7.2/android/titanium.jar => org/apache/Commons-NOTICE.txt
[DEBUG] from JAR /Library/Application Support/Titanium/mobilesdk/osx/1.7.2/android/titanium.jar => org/apache/HttpComponents-NOTICE.txt
[DEBUG] from JAR /Library/Application Support/Titanium/mobilesdk/osx/1.7.2/android/titanium.jar => org/apache/mime4j-NOTICE.txt
[DEBUG] from JAR /Library/Application Support/Titanium/mobilesdk/osx/1.7.2/android/titanium.jar => org/appcelerator/titanium/build.properties
[DEBUG] from JAR /Library/Application Support/Titanium/mobilesdk/osx/1.7.2/android/titanium.jar => org/appcelerator/titanium/res/drawable/background.png
[DEBUG] from JAR /Library/Application Support/Titanium/mobilesdk/osx/1.7.2/android/titanium.jar => org/appcelerator/titanium/res/drawable/btn_check_buttonless_on.png
[DEBUG] from JAR /Library/Application Support/Titanium/mobilesdk/osx/1.7.2/android/titanium.jar => org/appcelerator/titanium/res/drawable/btn_check_buttonless_on_18.png
[DEBUG] from JAR /Library/Application Support/Titanium/mobilesdk/osx/1.7.2/android/titanium.jar => org/appcelerator/titanium/res/drawable/btn_check_buttonless_on_48.png
[DEBUG] from JAR /Library/Application Support/Titanium/mobilesdk/osx/1.7.2/android/titanium.jar => org/appcelerator/titanium/res/drawable/btn_more.png
[DEBUG] from JAR /Library/Application Support/Titanium/mobilesdk/osx/1.7.2/android/titanium.jar => org/appcelerator/titanium/res/drawable/btn_more_18.png
[DEBUG] from JAR /Library/Application Support/Titanium/mobilesdk/osx/1.7.2/android/titanium.jar => org/appcelerator/titanium/res/drawable/btn_more_48.png
[DEBUG] from JAR /Library/Application Support/Titanium/mobilesdk/osx/1.7.2/android/titanium.jar => org/appcelerator/titanium/res/drawable/btn_picker_normal.9.png
[DEBUG] from JAR /Library/Application Support/Titanium/mobilesdk/osx/1.7.2/android/titanium.jar => org/appcelerator/titanium/res/drawable/btn_picker_pressed.9.png
[DEBUG] from JAR /Library/Application Support/Titanium/mobilesdk/osx/1.7.2/android/titanium.jar => org/appcelerator/titanium/res/drawable/btn_picker_selected.9.png
[DEBUG] from JAR /Library/Application Support/Titanium/mobilesdk/osx/1.7.2/android/titanium.jar => org/appcelerator/titanium/res/drawable/default_icon.png
[DEBUG] from JAR /Library/Application Support/Titanium/mobilesdk/osx/1.7.2/android/titanium.jar => org/appcelerator/titanium/res/drawable/photoDefault.png
[DEBUG] from JAR /Library/Application Support/Titanium/mobilesdk/osx/1.7.2/android/modules/titanium-ui.jar => ti/modules/titanium/ui/widget/webview/binding.js
[DEBUG] from JAR /Library/Application Support/Titanium/mobilesdk/osx/1.7.2/android/modules/titanium-ui.jar => ti/modules/titanium/ui/widget/webview/binding.min.js
[DEBUG] from JAR /Library/Application Support/Titanium/mobilesdk/osx/1.7.2/android/modules/titanium-ui.jar => ti/modules/titanium/ui/widget/webview/json2.js
[DEBUG] Waiting for device to be ready ...
[TRACE] adb devices returned 1 devices/emulators
[DEBUG] Device connected... (waited 0 seconds)
[DEBUG] waited 0.008829 seconds on emulator to get ready
[INFO] Installing application on device
[INFO] Launching application ... Lab285
[TRACE] Launch output: Starting: Intent { act=android.intent.action.MAIN cat=[android.intent.category.LAUNCHER] cmp=com.appc.lab285/.Lab285Activity }

[INFO] Deployed Lab285 ... Application should be running.
[INFO] Android Emulator has exited
