Logfile initialized
[INFO] logfile = /Users/tpoulsen/Documents/Titanium Studio Workspace/TiBH215/build.log
[DEBUG] /Library/Application Support/Titanium/mobilesdk/osx/1.7.0/android/builder.py simulator TiBountyHunter-215 /android-sdk /Users/tpoulsen/Documents/Titanium Studio Workspace/TiBH215 com.appcelerator.tibh 6 HVGA 
[INFO] Building TiBountyHunter-215 for Android ... one moment
[INFO] Titanium SDK version: 1.7.0 (06/06/11 18:05 64155ee)
[DEBUG] Waiting for device to be ready ...
[TRACE] adb devices returned 1 devices/emulators
[TRACE] adb devices returned 1 devices/emulators
[TRACE] adb devices returned 1 devices/emulators
[TRACE] adb devices returned 1 devices/emulators
[TRACE] adb devices returned 1 devices/emulators
[TRACE] adb devices returned 1 devices/emulators
[DEBUG] Device connected... (waited 25 seconds)
[DEBUG] waited 25.051745 seconds on emulator to get ready
[INFO] Waiting for the Android Emulator to become available
[DEBUG] com.appcelerator.tibh installed? True
[INFO] Fastdev server running, deploying in Fastdev mode
[INFO] Copying project resources..
[INFO] Detected tiapp.xml change, forcing full re-build...
[TRACE] COPYING CREATED FILE: /Users/tpoulsen/Documents/Titanium Studio Workspace/TiBH215/Resources/android/default.png => /Users/tpoulsen/Documents/Titanium Studio Workspace/TiBH215/build/android/bin/assets/Resources/default.png
[TRACE] COPYING CREATED FILE: /Users/tpoulsen/Documents/Titanium Studio Workspace/TiBH215/Resources/app.js => /Users/tpoulsen/Documents/Titanium Studio Workspace/TiBH215/build/android/bin/assets/Resources/app.js
[TRACE] COPYING CREATED FILE: /Users/tpoulsen/Documents/Titanium Studio Workspace/TiBH215/Resources/appicon.png => /Users/tpoulsen/Documents/Titanium Studio Workspace/TiBH215/build/android/bin/assets/Resources/appicon.png
[TRACE] COPYING CREATED FILE: /Users/tpoulsen/Documents/Titanium Studio Workspace/TiBH215/Resources/ui.js => /Users/tpoulsen/Documents/Titanium Studio Workspace/TiBH215/build/android/bin/assets/Resources/ui.js
[TRACE] Generating Java Classes
[DEBUG] Processing Android resource drawables
[TRACE] COPYING FILE: /Users/tpoulsen/Documents/Titanium Studio Workspace/TiBH215/Resources/android/images/res-long-land-hdpi/default.png => /Users/tpoulsen/Documents/Titanium Studio Workspace/TiBH215/build/android/res/drawable-long-land-hdpi/default_d44e27d97b.png
[TRACE] COPYING FILE: /Users/tpoulsen/Documents/Titanium Studio Workspace/TiBH215/Resources/android/images/res-long-land-ldpi/default.png => /Users/tpoulsen/Documents/Titanium Studio Workspace/TiBH215/build/android/res/drawable-long-land-ldpi/default_d44e27d97b.png
[TRACE] COPYING FILE: /Users/tpoulsen/Documents/Titanium Studio Workspace/TiBH215/Resources/android/images/res-long-port-hdpi/default.png => /Users/tpoulsen/Documents/Titanium Studio Workspace/TiBH215/build/android/res/drawable-long-port-hdpi/default_d44e27d97b.png
[TRACE] COPYING FILE: /Users/tpoulsen/Documents/Titanium Studio Workspace/TiBH215/Resources/android/images/res-long-port-ldpi/default.png => /Users/tpoulsen/Documents/Titanium Studio Workspace/TiBH215/build/android/res/drawable-long-port-ldpi/default_d44e27d97b.png
[TRACE] COPYING FILE: /Users/tpoulsen/Documents/Titanium Studio Workspace/TiBH215/Resources/android/images/res-notlong-land-hdpi/default.png => /Users/tpoulsen/Documents/Titanium Studio Workspace/TiBH215/build/android/res/drawable-notlong-land-hdpi/default_d44e27d97b.png
[TRACE] COPYING FILE: /Users/tpoulsen/Documents/Titanium Studio Workspace/TiBH215/Resources/android/images/res-notlong-land-ldpi/default.png => /Users/tpoulsen/Documents/Titanium Studio Workspace/TiBH215/build/android/res/drawable-notlong-land-ldpi/default_d44e27d97b.png
[TRACE] COPYING FILE: /Users/tpoulsen/Documents/Titanium Studio Workspace/TiBH215/Resources/android/images/res-notlong-land-mdpi/default.png => /Users/tpoulsen/Documents/Titanium Studio Workspace/TiBH215/build/android/res/drawable-notlong-land-mdpi/default_d44e27d97b.png
[TRACE] COPYING FILE: /Users/tpoulsen/Documents/Titanium Studio Workspace/TiBH215/Resources/android/images/res-notlong-port-hdpi/default.png => /Users/tpoulsen/Documents/Titanium Studio Workspace/TiBH215/build/android/res/drawable-notlong-port-hdpi/default_d44e27d97b.png
[TRACE] COPYING FILE: /Users/tpoulsen/Documents/Titanium Studio Workspace/TiBH215/Resources/android/images/res-notlong-port-ldpi/default.png => /Users/tpoulsen/Documents/Titanium Studio Workspace/TiBH215/build/android/res/drawable-notlong-port-ldpi/default_d44e27d97b.png
[TRACE] COPYING FILE: /Users/tpoulsen/Documents/Titanium Studio Workspace/TiBH215/Resources/android/images/res-notlong-port-mdpi/default.png => /Users/tpoulsen/Documents/Titanium Studio Workspace/TiBH215/build/android/res/drawable-notlong-port-mdpi/default_d44e27d97b.png
[DEBUG] copying app icon: /Users/tpoulsen/Documents/Titanium Studio Workspace/TiBH215/build/android/bin/assets/Resources/appicon.png
[DEBUG] generating theme.xml
[DEBUG] found drawable-long-land-hdpi splash screen at /Users/tpoulsen/Documents/Titanium Studio Workspace/TiBH215/Resources/android/images/res-long-land-hdpi/default.png
[DEBUG] copying /Users/tpoulsen/Documents/Titanium Studio Workspace/TiBH215/Resources/android/images/res-long-land-hdpi/default.png splash screen to /Users/tpoulsen/Documents/Titanium Studio Workspace/TiBH215/build/android/res/drawable-long-land-hdpi/background.png
[DEBUG] found drawable-long-land-ldpi splash screen at /Users/tpoulsen/Documents/Titanium Studio Workspace/TiBH215/Resources/android/images/res-long-land-ldpi/default.png
[DEBUG] copying /Users/tpoulsen/Documents/Titanium Studio Workspace/TiBH215/Resources/android/images/res-long-land-ldpi/default.png splash screen to /Users/tpoulsen/Documents/Titanium Studio Workspace/TiBH215/build/android/res/drawable-long-land-ldpi/background.png
[DEBUG] found drawable-long-port-hdpi splash screen at /Users/tpoulsen/Documents/Titanium Studio Workspace/TiBH215/Resources/android/images/res-long-port-hdpi/default.png
[DEBUG] copying /Users/tpoulsen/Documents/Titanium Studio Workspace/TiBH215/Resources/android/images/res-long-port-hdpi/default.png splash screen to /Users/tpoulsen/Documents/Titanium Studio Workspace/TiBH215/build/android/res/drawable-long-port-hdpi/background.png
[DEBUG] found drawable-long-port-ldpi splash screen at /Users/tpoulsen/Documents/Titanium Studio Workspace/TiBH215/Resources/android/images/res-long-port-ldpi/default.png
[DEBUG] copying /Users/tpoulsen/Documents/Titanium Studio Workspace/TiBH215/Resources/android/images/res-long-port-ldpi/default.png splash screen to /Users/tpoulsen/Documents/Titanium Studio Workspace/TiBH215/build/android/res/drawable-long-port-ldpi/background.png
[DEBUG] found drawable-notlong-land-hdpi splash screen at /Users/tpoulsen/Documents/Titanium Studio Workspace/TiBH215/Resources/android/images/res-notlong-land-hdpi/default.png
[DEBUG] copying /Users/tpoulsen/Documents/Titanium Studio Workspace/TiBH215/Resources/android/images/res-notlong-land-hdpi/default.png splash screen to /Users/tpoulsen/Documents/Titanium Studio Workspace/TiBH215/build/android/res/drawable-notlong-land-hdpi/background.png
[DEBUG] found drawable-notlong-land-ldpi splash screen at /Users/tpoulsen/Documents/Titanium Studio Workspace/TiBH215/Resources/android/images/res-notlong-land-ldpi/default.png
[DEBUG] copying /Users/tpoulsen/Documents/Titanium Studio Workspace/TiBH215/Resources/android/images/res-notlong-land-ldpi/default.png splash screen to /Users/tpoulsen/Documents/Titanium Studio Workspace/TiBH215/build/android/res/drawable-notlong-land-ldpi/background.png
[DEBUG] found drawable-notlong-land-mdpi splash screen at /Users/tpoulsen/Documents/Titanium Studio Workspace/TiBH215/Resources/android/images/res-notlong-land-mdpi/default.png
[DEBUG] copying /Users/tpoulsen/Documents/Titanium Studio Workspace/TiBH215/Resources/android/images/res-notlong-land-mdpi/default.png splash screen to /Users/tpoulsen/Documents/Titanium Studio Workspace/TiBH215/build/android/res/drawable-notlong-land-mdpi/background.png
[DEBUG] found drawable-notlong-port-hdpi splash screen at /Users/tpoulsen/Documents/Titanium Studio Workspace/TiBH215/Resources/android/images/res-notlong-port-hdpi/default.png
[DEBUG] copying /Users/tpoulsen/Documents/Titanium Studio Workspace/TiBH215/Resources/android/images/res-notlong-port-hdpi/default.png splash screen to /Users/tpoulsen/Documents/Titanium Studio Workspace/TiBH215/build/android/res/drawable-notlong-port-hdpi/background.png
[DEBUG] found drawable-notlong-port-ldpi splash screen at /Users/tpoulsen/Documents/Titanium Studio Workspace/TiBH215/Resources/android/images/res-notlong-port-ldpi/default.png
[DEBUG] copying /Users/tpoulsen/Documents/Titanium Studio Workspace/TiBH215/Resources/android/images/res-notlong-port-ldpi/default.png splash screen to /Users/tpoulsen/Documents/Titanium Studio Workspace/TiBH215/build/android/res/drawable-notlong-port-ldpi/background.png
[DEBUG] found drawable-notlong-port-mdpi splash screen at /Users/tpoulsen/Documents/Titanium Studio Workspace/TiBH215/Resources/android/images/res-notlong-port-mdpi/default.png
[DEBUG] copying /Users/tpoulsen/Documents/Titanium Studio Workspace/TiBH215/Resources/android/images/res-notlong-port-mdpi/default.png splash screen to /Users/tpoulsen/Documents/Titanium Studio Workspace/TiBH215/build/android/res/drawable-notlong-port-mdpi/background.png
[DEBUG] found splash screen at /Users/tpoulsen/Documents/Titanium Studio Workspace/TiBH215/build/android/bin/assets/Resources/default.png
[TRACE] Writing out AndroidManifest.xml
[DEBUG] adding /Users/tpoulsen/Documents/Titanium Studio Workspace/TiBH215/build/android/gen/com/appcelerator/tibh/R.java to javac build list
[DEBUG] adding /Users/tpoulsen/Documents/Titanium Studio Workspace/TiBH215/build/android/gen/com/appcelerator/tibh/Tibountyhunter215Activity.java to javac build list
[DEBUG] adding /Users/tpoulsen/Documents/Titanium Studio Workspace/TiBH215/build/android/gen/com/appcelerator/tibh/Tibountyhunter215AppInfo.java to javac build list
[DEBUG] adding /Users/tpoulsen/Documents/Titanium Studio Workspace/TiBH215/build/android/gen/com/appcelerator/tibh/Tibountyhunter215Application.java to javac build list
[DEBUG] Building Java Sources: "/Users/tpoulsen/Documents/Titanium Studio Workspace/TiBH215/build/android/gen/com/appcelerator/tibh/R.java" "/Users/tpoulsen/Documents/Titanium Studio Workspace/TiBH215/build/android/gen/com/appcelerator/tibh/Tibountyhunter215Activity.java" "/Users/tpoulsen/Documents/Titanium Studio Workspace/TiBH215/build/android/gen/com/appcelerator/tibh/Tibountyhunter215AppInfo.java" "/Users/tpoulsen/Documents/Titanium Studio Workspace/TiBH215/build/android/gen/com/appcelerator/tibh/Tibountyhunter215Application.java"
[INFO] Waiting for SDCard to become available..
[INFO] Compiling Android Resources... This could take some time
[DEBUG] Android classes.dex built
[DEBUG] creating unsigned apk: /Users/tpoulsen/Documents/Titanium Studio Workspace/TiBH215/build/android/bin/app-unsigned.apk
[DEBUG] from resource zip => assets/Resources/app.js
[DEBUG] from resource zip => assets/Resources/appicon.png
[DEBUG] from resource zip => assets/Resources/default.png
[DEBUG] from resource zip => assets/Resources/ui.js
[DEBUG] from resource zip => assets/tiapp.xml
[DEBUG] from resource zip => res/drawable/appicon.png
[DEBUG] from resource zip => res/drawable/background.png
[DEBUG] from resource zip => res/drawable/facebook_icon.png
[DEBUG] from resource zip => res/drawable/facebook_login.png
[DEBUG] from resource zip => res/drawable/facebook_login_down.png
[DEBUG] from resource zip => res/drawable/facebook_login_wide.png
[DEBUG] from resource zip => res/drawable/facebook_login_wide_down.png
[DEBUG] from resource zip => res/drawable/facebook_logout.png
[DEBUG] from resource zip => res/drawable/facebook_logout_down.png
[DEBUG] from resource zip => res/layout/titanium_tabgroup.xml
[DEBUG] from resource zip => AndroidManifest.xml
[DEBUG] from resource zip => resources.arsc
[DEBUG] from resource zip => res/drawable-hdpi/facebook_icon.png
[DEBUG] from resource zip => res/drawable-ldpi/facebook_icon.png
[DEBUG] from resource zip => res/drawable-long-land-hdpi/background.png
[DEBUG] from resource zip => res/drawable-long-land-hdpi/default_d44e27d97b.png
[DEBUG] from resource zip => res/drawable-long-land-ldpi/background.png
[DEBUG] from resource zip => res/drawable-long-land-ldpi/default_d44e27d97b.png
[DEBUG] from resource zip => res/drawable-long-port-hdpi/background.png
[DEBUG] from resource zip => res/drawable-long-port-hdpi/default_d44e27d97b.png
[DEBUG] from resource zip => res/drawable-long-port-ldpi/background.png
[DEBUG] from resource zip => res/drawable-long-port-ldpi/default_d44e27d97b.png
[DEBUG] from resource zip => res/drawable-notlong-land-hdpi/background.png
[DEBUG] from resource zip => res/drawable-notlong-land-hdpi/default_d44e27d97b.png
[DEBUG] from resource zip => res/drawable-notlong-land-ldpi/background.png
[DEBUG] from resource zip => res/drawable-notlong-land-ldpi/default_d44e27d97b.png
[DEBUG] from resource zip => res/drawable-notlong-land-mdpi/background.png
[DEBUG] from resource zip => res/drawable-notlong-land-mdpi/default_d44e27d97b.png
[DEBUG] from resource zip => res/drawable-notlong-port-hdpi/background.png
[DEBUG] from resource zip => res/drawable-notlong-port-hdpi/default_d44e27d97b.png
[DEBUG] from resource zip => res/drawable-notlong-port-ldpi/background.png
[DEBUG] from resource zip => res/drawable-notlong-port-ldpi/default_d44e27d97b.png
[DEBUG] from resource zip => res/drawable-notlong-port-mdpi/background.png
[DEBUG] from resource zip => res/drawable-notlong-port-mdpi/default_d44e27d97b.png
[DEBUG] from JAR /Library/Application Support/Titanium/mobilesdk/osx/1.7.0/android/modules/titanium-yahoo.jar => ti/modules/titanium/yahoo/yahoo.js
[DEBUG] from JAR /Library/Application Support/Titanium/mobilesdk/osx/1.7.0/android/titanium.jar => org/apache/Commons-NOTICE.txt
[DEBUG] from JAR /Library/Application Support/Titanium/mobilesdk/osx/1.7.0/android/titanium.jar => org/apache/HttpComponents-NOTICE.txt
[DEBUG] from JAR /Library/Application Support/Titanium/mobilesdk/osx/1.7.0/android/titanium.jar => org/apache/mime4j-NOTICE.txt
[DEBUG] from JAR /Library/Application Support/Titanium/mobilesdk/osx/1.7.0/android/titanium.jar => org/appcelerator/titanium/build.properties
[DEBUG] from JAR /Library/Application Support/Titanium/mobilesdk/osx/1.7.0/android/titanium.jar => org/appcelerator/titanium/res/drawable/background.png
[DEBUG] from JAR /Library/Application Support/Titanium/mobilesdk/osx/1.7.0/android/titanium.jar => org/appcelerator/titanium/res/drawable/btn_check_buttonless_on.png
[DEBUG] from JAR /Library/Application Support/Titanium/mobilesdk/osx/1.7.0/android/titanium.jar => org/appcelerator/titanium/res/drawable/btn_check_buttonless_on_18.png
[DEBUG] from JAR /Library/Application Support/Titanium/mobilesdk/osx/1.7.0/android/titanium.jar => org/appcelerator/titanium/res/drawable/btn_check_buttonless_on_48.png
[DEBUG] from JAR /Library/Application Support/Titanium/mobilesdk/osx/1.7.0/android/titanium.jar => org/appcelerator/titanium/res/drawable/btn_more.png
[DEBUG] from JAR /Library/Application Support/Titanium/mobilesdk/osx/1.7.0/android/titanium.jar => org/appcelerator/titanium/res/drawable/btn_more_18.png
[DEBUG] from JAR /Library/Application Support/Titanium/mobilesdk/osx/1.7.0/android/titanium.jar => org/appcelerator/titanium/res/drawable/btn_more_48.png
[DEBUG] from JAR /Library/Application Support/Titanium/mobilesdk/osx/1.7.0/android/titanium.jar => org/appcelerator/titanium/res/drawable/btn_picker_normal.9.png
[DEBUG] from JAR /Library/Application Support/Titanium/mobilesdk/osx/1.7.0/android/titanium.jar => org/appcelerator/titanium/res/drawable/btn_picker_pressed.9.png
[DEBUG] from JAR /Library/Application Support/Titanium/mobilesdk/osx/1.7.0/android/titanium.jar => org/appcelerator/titanium/res/drawable/btn_picker_selected.9.png
[DEBUG] from JAR /Library/Application Support/Titanium/mobilesdk/osx/1.7.0/android/titanium.jar => org/appcelerator/titanium/res/drawable/default_icon.png
[DEBUG] from JAR /Library/Application Support/Titanium/mobilesdk/osx/1.7.0/android/titanium.jar => org/appcelerator/titanium/res/drawable/photoDefault.png
[DEBUG] from JAR /Library/Application Support/Titanium/mobilesdk/osx/1.7.0/android/smalljs.jar => org/mozilla/javascript/resources/Messages.properties
[DEBUG] from JAR /Library/Application Support/Titanium/mobilesdk/osx/1.7.0/android/smalljs.jar => org/mozilla/javascript/resources/Messages_fr.properties
[DEBUG] from JAR /Library/Application Support/Titanium/mobilesdk/osx/1.7.0/android/modules/titanium-facebook.jar => ti/modules/titanium/facebook/LICENSE
[DEBUG] from JAR /Library/Application Support/Titanium/mobilesdk/osx/1.7.0/android/modules/titanium-ui.jar => ti/modules/titanium/ui/widget/webview/binding.js
[DEBUG] from JAR /Library/Application Support/Titanium/mobilesdk/osx/1.7.0/android/modules/titanium-ui.jar => ti/modules/titanium/ui/widget/webview/binding.min.js
[DEBUG] from JAR /Library/Application Support/Titanium/mobilesdk/osx/1.7.0/android/modules/titanium-ui.jar => ti/modules/titanium/ui/widget/webview/json2.js
[DEBUG] Waiting for device to be ready ...
[TRACE] adb devices returned 1 devices/emulators
[DEBUG] Device connected... (waited 0 seconds)
[DEBUG] waited 0.008793 seconds on emulator to get ready
[INFO] Installing application on device
[INFO] Launching application ... TiBountyHunter-215
[TRACE] Launch output: Starting: Intent { act=android.intent.action.MAIN cat=[android.intent.category.LAUNCHER] cmp=com.appcelerator.tibh/.Tibountyhunter215Activity }

[INFO] Deployed TiBountyHunter-215 ... Application should be running.
[INFO] Android Emulator has exited
