Logfile initialized
[INFO] logfile = /Users/tpoulsen/Documents/Titanium Studio Workspace/TiBH220/build.log
[DEBUG] /Library/Application Support/Titanium/mobilesdk/osx/2.0.0.v20120326211803/android/builder.py simulator TiBH220 /android-sdk /Users/tpoulsen/Documents/Titanium Studio Workspace/TiBH220 com.appc.tibh220 6  WVGA854 
[INFO] Building TiBH220 for Android ... one moment
[INFO] Titanium SDK version: 2.0.0 (03/26/12 21:18 2730634)
[DEBUG] Waiting for device to be ready ...
[TRACE] adb devices returned 1 devices/emulators
[DEBUG] Device connected... (waited 0 seconds)
[DEBUG] waited 0.015722 seconds on emulator to get ready
[DEBUG] com.appc.tibh220 installed? True
[INFO] Fastdev server running, deploying in Fastdev mode
[INFO] Copying CommonJS modules...
[INFO] Copying project resources..
[INFO] Detected tiapp.xml change (or assets deleted), forcing full re-build...
[TRACE] COPYING CREATED FILE: /Users/tpoulsen/Documents/Titanium Studio Workspace/TiBH220/Resources/android/default.png => /Users/tpoulsen/Documents/Titanium Studio Workspace/TiBH220/build/android/bin/assets/Resources/default.png
[TRACE] COPYING CREATED FILE: /Users/tpoulsen/Documents/Titanium Studio Workspace/TiBH220/Resources/app.js => /Users/tpoulsen/Documents/Titanium Studio Workspace/TiBH220/build/android/bin/assets/Resources/app.js
[TRACE] COPYING CREATED FILE: /Users/tpoulsen/Documents/Titanium Studio Workspace/TiBH220/Resources/appicon.png => /Users/tpoulsen/Documents/Titanium Studio Workspace/TiBH220/build/android/bin/assets/Resources/appicon.png
[TRACE] COPYING CREATED FILE: /Users/tpoulsen/Documents/Titanium Studio Workspace/TiBH220/Resources/ui.js => /Users/tpoulsen/Documents/Titanium Studio Workspace/TiBH220/build/android/bin/assets/Resources/ui.js
[TRACE] Generating Java Classes
[DEBUG] Processing Android resource drawables
[DEBUG] app stylesheet => /Users/tpoulsen/Documents/Titanium Studio Workspace/TiBH220/build/android/gen/com/appc/tibh220/ApplicationStylesheet.java
[DEBUG] copying app icon: /Users/tpoulsen/Documents/Titanium Studio Workspace/TiBH220/build/android/bin/assets/Resources/appicon.png
[DEBUG] generating theme.xml
[DEBUG] found drawable-long-land-hdpi splash screen at /Users/tpoulsen/Documents/Titanium Studio Workspace/TiBH220/Resources/android/images/res-long-land-hdpi/default.png
[DEBUG] copying /Users/tpoulsen/Documents/Titanium Studio Workspace/TiBH220/Resources/android/images/res-long-land-hdpi/default.png splash screen to /Users/tpoulsen/Documents/Titanium Studio Workspace/TiBH220/build/android/res/drawable-long-land-hdpi/background.png
[DEBUG] found drawable-long-land-ldpi splash screen at /Users/tpoulsen/Documents/Titanium Studio Workspace/TiBH220/Resources/android/images/res-long-land-ldpi/default.png
[DEBUG] copying /Users/tpoulsen/Documents/Titanium Studio Workspace/TiBH220/Resources/android/images/res-long-land-ldpi/default.png splash screen to /Users/tpoulsen/Documents/Titanium Studio Workspace/TiBH220/build/android/res/drawable-long-land-ldpi/background.png
[DEBUG] found drawable-long-port-hdpi splash screen at /Users/tpoulsen/Documents/Titanium Studio Workspace/TiBH220/Resources/android/images/res-long-port-hdpi/default.png
[DEBUG] copying /Users/tpoulsen/Documents/Titanium Studio Workspace/TiBH220/Resources/android/images/res-long-port-hdpi/default.png splash screen to /Users/tpoulsen/Documents/Titanium Studio Workspace/TiBH220/build/android/res/drawable-long-port-hdpi/background.png
[DEBUG] found drawable-long-port-ldpi splash screen at /Users/tpoulsen/Documents/Titanium Studio Workspace/TiBH220/Resources/android/images/res-long-port-ldpi/default.png
[DEBUG] copying /Users/tpoulsen/Documents/Titanium Studio Workspace/TiBH220/Resources/android/images/res-long-port-ldpi/default.png splash screen to /Users/tpoulsen/Documents/Titanium Studio Workspace/TiBH220/build/android/res/drawable-long-port-ldpi/background.png
[DEBUG] found drawable-notlong-land-hdpi splash screen at /Users/tpoulsen/Documents/Titanium Studio Workspace/TiBH220/Resources/android/images/res-notlong-land-hdpi/default.png
[DEBUG] copying /Users/tpoulsen/Documents/Titanium Studio Workspace/TiBH220/Resources/android/images/res-notlong-land-hdpi/default.png splash screen to /Users/tpoulsen/Documents/Titanium Studio Workspace/TiBH220/build/android/res/drawable-notlong-land-hdpi/background.png
[DEBUG] found drawable-notlong-land-ldpi splash screen at /Users/tpoulsen/Documents/Titanium Studio Workspace/TiBH220/Resources/android/images/res-notlong-land-ldpi/default.png
[DEBUG] copying /Users/tpoulsen/Documents/Titanium Studio Workspace/TiBH220/Resources/android/images/res-notlong-land-ldpi/default.png splash screen to /Users/tpoulsen/Documents/Titanium Studio Workspace/TiBH220/build/android/res/drawable-notlong-land-ldpi/background.png
[DEBUG] found drawable-notlong-land-mdpi splash screen at /Users/tpoulsen/Documents/Titanium Studio Workspace/TiBH220/Resources/android/images/res-notlong-land-mdpi/default.png
[DEBUG] copying /Users/tpoulsen/Documents/Titanium Studio Workspace/TiBH220/Resources/android/images/res-notlong-land-mdpi/default.png splash screen to /Users/tpoulsen/Documents/Titanium Studio Workspace/TiBH220/build/android/res/drawable-notlong-land-mdpi/background.png
[DEBUG] found drawable-notlong-port-hdpi splash screen at /Users/tpoulsen/Documents/Titanium Studio Workspace/TiBH220/Resources/android/images/res-notlong-port-hdpi/default.png
[DEBUG] copying /Users/tpoulsen/Documents/Titanium Studio Workspace/TiBH220/Resources/android/images/res-notlong-port-hdpi/default.png splash screen to /Users/tpoulsen/Documents/Titanium Studio Workspace/TiBH220/build/android/res/drawable-notlong-port-hdpi/background.png
[DEBUG] found drawable-notlong-port-ldpi splash screen at /Users/tpoulsen/Documents/Titanium Studio Workspace/TiBH220/Resources/android/images/res-notlong-port-ldpi/default.png
[DEBUG] copying /Users/tpoulsen/Documents/Titanium Studio Workspace/TiBH220/Resources/android/images/res-notlong-port-ldpi/default.png splash screen to /Users/tpoulsen/Documents/Titanium Studio Workspace/TiBH220/build/android/res/drawable-notlong-port-ldpi/background.png
[DEBUG] found drawable-notlong-port-mdpi splash screen at /Users/tpoulsen/Documents/Titanium Studio Workspace/TiBH220/Resources/android/images/res-notlong-port-mdpi/default.png
[DEBUG] copying /Users/tpoulsen/Documents/Titanium Studio Workspace/TiBH220/Resources/android/images/res-notlong-port-mdpi/default.png splash screen to /Users/tpoulsen/Documents/Titanium Studio Workspace/TiBH220/build/android/res/drawable-notlong-port-mdpi/background.png
[DEBUG] found splash screen at /Users/tpoulsen/Documents/Titanium Studio Workspace/TiBH220/build/android/bin/assets/Resources/default.png
[TRACE] Writing out AndroidManifest.xml
[DEBUG] adding /Users/tpoulsen/Documents/Titanium Studio Workspace/TiBH220/build/android/gen/com/appc/tibh220/ApplicationStylesheet.java to javac build list
[DEBUG] adding /Users/tpoulsen/Documents/Titanium Studio Workspace/TiBH220/build/android/gen/com/appc/tibh220/R.java to javac build list
[DEBUG] adding /Users/tpoulsen/Documents/Titanium Studio Workspace/TiBH220/build/android/gen/com/appc/tibh220/Tibh220Activity.java to javac build list
[DEBUG] adding /Users/tpoulsen/Documents/Titanium Studio Workspace/TiBH220/build/android/gen/com/appc/tibh220/Tibh220AppInfo.java to javac build list
[DEBUG] adding /Users/tpoulsen/Documents/Titanium Studio Workspace/TiBH220/build/android/gen/com/appc/tibh220/Tibh220Application.java to javac build list
[DEBUG] Building Java Sources: "/Users/tpoulsen/Documents/Titanium Studio Workspace/TiBH220/build/android/gen/com/appc/tibh220/ApplicationStylesheet.java" "/Users/tpoulsen/Documents/Titanium Studio Workspace/TiBH220/build/android/gen/com/appc/tibh220/R.java" "/Users/tpoulsen/Documents/Titanium Studio Workspace/TiBH220/build/android/gen/com/appc/tibh220/Tibh220Activity.java" "/Users/tpoulsen/Documents/Titanium Studio Workspace/TiBH220/build/android/gen/com/appc/tibh220/Tibh220AppInfo.java" "/Users/tpoulsen/Documents/Titanium Studio Workspace/TiBH220/build/android/gen/com/appc/tibh220/Tibh220Application.java"
[INFO] Waiting for SDCard to become available..
[INFO] Compiling Android Resources... This could take some time
[DEBUG] Android classes.dex built
[DEBUG] creating unsigned apk: /Users/tpoulsen/Documents/Titanium Studio Workspace/TiBH220/build/android/bin/app-unsigned.apk
[DEBUG] from resource zip => assets/Resources/app.js
[DEBUG] from resource zip => assets/Resources/appicon.png
[DEBUG] from resource zip => assets/Resources/default.png
[DEBUG] from resource zip => assets/Resources/ui.js
[DEBUG] from resource zip => assets/app.json
[DEBUG] from resource zip => assets/index.json
[DEBUG] from resource zip => assets/tiapp.xml
[DEBUG] from resource zip => res/drawable/appicon.png
[DEBUG] from resource zip => res/drawable/background.png
[DEBUG] from resource zip => res/drawable/close.png
[DEBUG] from resource zip => res/drawable/facebook_login.png
[DEBUG] from resource zip => res/drawable/facebook_login_down.png
[DEBUG] from resource zip => res/drawable/facebook_login_wide.png
[DEBUG] from resource zip => res/drawable/facebook_login_wide_down.png
[DEBUG] from resource zip => res/drawable/facebook_logout.png
[DEBUG] from resource zip => res/drawable/facebook_logout_down.png
[DEBUG] from resource zip => res/layout/titanium_tabgroup.xml
[DEBUG] from resource zip => AndroidManifest.xml
[DEBUG] from resource zip => resources.arsc
[DEBUG] from resource zip => res/drawable-hdpi/close.png
[DEBUG] from resource zip => res/drawable-ldpi/close.png
[DEBUG] from resource zip => res/drawable-long-land-hdpi/background.png
[DEBUG] from resource zip => res/drawable-long-land-ldpi/background.png
[DEBUG] from resource zip => res/drawable-long-port-hdpi/background.png
[DEBUG] from resource zip => res/drawable-long-port-ldpi/background.png
[DEBUG] from resource zip => res/drawable-notlong-land-hdpi/background.png
[DEBUG] from resource zip => res/drawable-notlong-land-ldpi/background.png
[DEBUG] from resource zip => res/drawable-notlong-land-mdpi/background.png
[DEBUG] from resource zip => res/drawable-notlong-port-hdpi/background.png
[DEBUG] from resource zip => res/drawable-notlong-port-ldpi/background.png
[DEBUG] from resource zip => res/drawable-notlong-port-mdpi/background.png
[DEBUG] from JAR /Library/Application Support/Titanium/mobilesdk/osx/2.0.0.v20120326211803/android/modules/titanium-ui.jar => ti/modules/titanium/ui/widget/webview/binding.js
[DEBUG] from JAR /Library/Application Support/Titanium/mobilesdk/osx/2.0.0.v20120326211803/android/modules/titanium-ui.jar => ti/modules/titanium/ui/widget/webview/binding.min.js
[DEBUG] from JAR /Library/Application Support/Titanium/mobilesdk/osx/2.0.0.v20120326211803/android/modules/titanium-ui.jar => ti/modules/titanium/ui/widget/webview/json2.js
[DEBUG] from JAR /Library/Application Support/Titanium/mobilesdk/osx/2.0.0.v20120326211803/android/thirdparty.jar => org/apache/Commons-NOTICE.txt
[DEBUG] from JAR /Library/Application Support/Titanium/mobilesdk/osx/2.0.0.v20120326211803/android/thirdparty.jar => org/apache/HttpComponents-NOTICE.txt
[DEBUG] from JAR /Library/Application Support/Titanium/mobilesdk/osx/2.0.0.v20120326211803/android/thirdparty.jar => org/apache/mime4j-NOTICE.txt
[DEBUG] from JAR /Library/Application Support/Titanium/mobilesdk/osx/2.0.0.v20120326211803/android/modules/titanium-facebook.jar => ti/modules/titanium/facebook/LICENSE
[DEBUG] from JAR /Library/Application Support/Titanium/mobilesdk/osx/2.0.0.v20120326211803/android/titanium.jar => org/appcelerator/titanium/build.properties
[DEBUG] from JAR /Library/Application Support/Titanium/mobilesdk/osx/2.0.0.v20120326211803/android/titanium.jar => org/appcelerator/titanium/res/drawable/background.png
[DEBUG] from JAR /Library/Application Support/Titanium/mobilesdk/osx/2.0.0.v20120326211803/android/titanium.jar => org/appcelerator/titanium/res/drawable/btn_check_buttonless_on.png
[DEBUG] from JAR /Library/Application Support/Titanium/mobilesdk/osx/2.0.0.v20120326211803/android/titanium.jar => org/appcelerator/titanium/res/drawable/btn_check_buttonless_on_18.png
[DEBUG] from JAR /Library/Application Support/Titanium/mobilesdk/osx/2.0.0.v20120326211803/android/titanium.jar => org/appcelerator/titanium/res/drawable/btn_check_buttonless_on_48.png
[DEBUG] from JAR /Library/Application Support/Titanium/mobilesdk/osx/2.0.0.v20120326211803/android/titanium.jar => org/appcelerator/titanium/res/drawable/btn_more.png
[DEBUG] from JAR /Library/Application Support/Titanium/mobilesdk/osx/2.0.0.v20120326211803/android/titanium.jar => org/appcelerator/titanium/res/drawable/btn_more_18.png
[DEBUG] from JAR /Library/Application Support/Titanium/mobilesdk/osx/2.0.0.v20120326211803/android/titanium.jar => org/appcelerator/titanium/res/drawable/btn_more_48.png
[DEBUG] from JAR /Library/Application Support/Titanium/mobilesdk/osx/2.0.0.v20120326211803/android/titanium.jar => org/appcelerator/titanium/res/drawable/btn_picker_normal.9.png
[DEBUG] from JAR /Library/Application Support/Titanium/mobilesdk/osx/2.0.0.v20120326211803/android/titanium.jar => org/appcelerator/titanium/res/drawable/btn_picker_pressed.9.png
[DEBUG] from JAR /Library/Application Support/Titanium/mobilesdk/osx/2.0.0.v20120326211803/android/titanium.jar => org/appcelerator/titanium/res/drawable/btn_picker_selected.9.png
[DEBUG] from JAR /Library/Application Support/Titanium/mobilesdk/osx/2.0.0.v20120326211803/android/titanium.jar => org/appcelerator/titanium/res/drawable/default_icon.png
[DEBUG] from JAR /Library/Application Support/Titanium/mobilesdk/osx/2.0.0.v20120326211803/android/titanium.jar => org/appcelerator/titanium/res/drawable/photoDefault.png
[DEBUG] installing native SDK libs
[DEBUG] Waiting for device to be ready ...
[TRACE] adb devices returned 1 devices/emulators
[DEBUG] Device connected... (waited 0 seconds)
[DEBUG] waited 0.015314 seconds on emulator to get ready
[INFO] Installing application on emulator
[INFO] Launching application ... TiBH220
[TRACE] Launch output: Starting: Intent { act=android.intent.action.MAIN cat=[android.intent.category.LAUNCHER] cmp=com.appc.tibh220/.Tibh220Activity }

[INFO] Deployed TiBH220 ... Application should be running.
[DEBUG] signal caught: 15
[DEBUG] calling emulator kill on 57522
